This is pdfTeX, Version 3.14159265-2.6-1.40.21 (TeX Live 2020) (preloaded format=pdflatex 2020.11.5)  23 OCT 2021 12:48
entering extended mode
 restricted \write18 enabled.
 %&-line parsing enabled.
**description.tex
(./description.tex
LaTeX2e <2020-02-02> patch level 5
L3 programming layer <2020-03-06>
(/usr/local/texlive/2020/texmf-dist/tex/latex/base/article.cls
Document Class: article 2019/12/20 v1.4l Standard LaTeX document class
(/usr/local/texlive/2020/texmf-dist/tex/latex/base/size12.clo
File: size12.clo 2019/12/20 v1.4l Standard LaTeX file (size option)
)
\c@part=\count167
\c@section=\count168
\c@subsection=\count169
\c@subsubsection=\count170
\c@paragraph=\count171
\c@subparagraph=\count172
\c@figure=\count173
\c@table=\count174
\abovecaptionskip=\skip47
\belowcaptionskip=\skip48
\bibindent=\dimen134
)
(/usr/local/texlive/2020/texmf-dist/tex/latex/base/inputenc.sty
Package: inputenc 2018/08/11 v1.3c Input encoding file
\inpenc@prehook=\toks15
\inpenc@posthook=\toks16
)
(/usr/local/texlive/2020/texmf-dist/tex/latex/graphics/graphicx.sty
Package: graphicx 2019/11/30 v1.2a Enhanced LaTeX Graphics (DPC,SPQR)

(/usr/local/texlive/2020/texmf-dist/tex/latex/graphics/keyval.sty
Package: keyval 2014/10/28 v1.15 key=value parser (DPC)
\KV@toks@=\toks17
)
(/usr/local/texlive/2020/texmf-dist/tex/latex/graphics/graphics.sty
Package: graphics 2019/11/30 v1.4a Standard LaTeX Graphics (DPC,SPQR)

(/usr/local/texlive/2020/texmf-dist/tex/latex/graphics/trig.sty
Package: trig 2016/01/03 v1.10 sin cos tan (DPC)
)
(/usr/local/texlive/2020/texmf-dist/tex/latex/graphics-cfg/graphics.cfg
File: graphics.cfg 2016/06/04 v1.11 sample graphics configuration
)
Package graphics Info: Driver file: pdftex.def on input line 105.

(/usr/local/texlive/2020/texmf-dist/tex/latex/graphics-def/pdftex.def
File: pdftex.def 2018/01/08 v1.0l Graphics/color driver for pdftex
))
\Gin@req@height=\dimen135
\Gin@req@width=\dimen136
)
(/usr/local/texlive/2020/texmf-dist/tex/latex/matlab-prettifier/matlab-prettifi
er.sty
Package: matlab-prettifier 2014/06/19 v0.3 A package for prettyprinting Matlab 
source code
 (/usr/local/texlive/2020/texmf-dist/tex/latex/base/textcomp.sty
Package: textcomp 2020/02/02 v2.0n Standard LaTeX package
)
(/usr/local/texlive/2020/texmf-dist/tex/latex/xcolor/xcolor.sty
Package: xcolor 2016/05/11 v2.12 LaTeX color extensions (UK)

(/usr/local/texlive/2020/texmf-dist/tex/latex/graphics-cfg/color.cfg
File: color.cfg 2016/01/02 v1.6 sample color configuration
)
Package xcolor Info: Driver file: pdftex.def on input line 225.
Package xcolor Info: Model `cmy' substituted by `cmy0' on input line 1348.
Package xcolor Info: Model `hsb' substituted by `rgb' on input line 1352.
Package xcolor Info: Model `RGB' extended on input line 1364.
Package xcolor Info: Model `HTML' substituted by `rgb' on input line 1366.
Package xcolor Info: Model `Hsb' substituted by `hsb' on input line 1367.
Package xcolor Info: Model `tHsb' substituted by `hsb' on input line 1368.
Package xcolor Info: Model `HSB' substituted by `hsb' on input line 1369.
Package xcolor Info: Model `Gray' substituted by `gray' on input line 1370.
Package xcolor Info: Model `wave' substituted by `hsb' on input line 1371.
)
(/usr/local/texlive/2020/texmf-dist/tex/latex/listings/listings.sty
\lst@mode=\count175
\lst@gtempboxa=\box45
\lst@token=\toks18
\lst@length=\count176
\lst@currlwidth=\dimen137
\lst@column=\count177
\lst@pos=\count178
\lst@lostspace=\dimen138
\lst@width=\dimen139
\lst@newlines=\count179
\lst@lineno=\count180
\lst@maxwidth=\dimen140

(/usr/local/texlive/2020/texmf-dist/tex/latex/listings/lstmisc.sty
File: lstmisc.sty 2020/03/24 1.8d (Carsten Heinz)
\c@lstnumber=\count181
\lst@skipnumbers=\count182
\lst@framebox=\box46
)
(/usr/local/texlive/2020/texmf-dist/tex/latex/listings/listings.cfg
File: listings.cfg 2020/03/24 1.8d listings configuration
))
Package: listings 2020/03/24 1.8d (Carsten Heinz)
\netBracketCount@mlpr=\count183
\blkLvl@mlpr=\count184
\blkLvlAtClassdef@mlpr=\count185
\emHeight@mlpr=\skip49
\jayDepth@mlpr=\skip50
\sectionRuleOffset@mlpr=\skip51
\toks@mlpr=\toks19
)
(/usr/local/texlive/2020/texmf-dist/tex/latex/l3backend/l3backend-pdfmode.def
File: l3backend-pdfmode.def 2020-03-12 L3 backend support: PDF mode
\l__kernel_color_stack_int=\count186
\l__pdf_internal_box=\box47
)
(./description.aux)
\openout1 = `description.aux'.

LaTeX Font Info:    Checking defaults for OML/cmm/m/it on input line 11.
LaTeX Font Info:    ... okay on input line 11.
LaTeX Font Info:    Checking defaults for OMS/cmsy/m/n on input line 11.
LaTeX Font Info:    ... okay on input line 11.
LaTeX Font Info:    Checking defaults for OT1/cmr/m/n on input line 11.
LaTeX Font Info:    ... okay on input line 11.
LaTeX Font Info:    Checking defaults for T1/cmr/m/n on input line 11.
LaTeX Font Info:    ... okay on input line 11.
LaTeX Font Info:    Checking defaults for TS1/cmr/m/n on input line 11.
LaTeX Font Info:    ... okay on input line 11.
LaTeX Font Info:    Checking defaults for OMX/cmex/m/n on input line 11.
LaTeX Font Info:    ... okay on input line 11.
LaTeX Font Info:    Checking defaults for U/cmr/m/n on input line 11.
LaTeX Font Info:    ... okay on input line 11.

(/usr/local/texlive/2020/texmf-dist/tex/context/base/mkii/supp-pdf.mkii
[Loading MPS to PDF converter (version 2006.09.02).]
\scratchcounter=\count187
\scratchdimen=\dimen141
\scratchbox=\box48
\nofMPsegments=\count188
\nofMParguments=\count189
\everyMPshowfont=\toks20
\MPscratchCnt=\count190
\MPscratchDim=\dimen142
\MPnumerator=\count191
\makeMPintoPDFobject=\count192
\everyMPtoPDFconversion=\toks21
) (/usr/local/texlive/2020/texmf-dist/tex/latex/epstopdf-pkg/epstopdf-base.sty
Package: epstopdf-base 2020-01-24 v2.11 Base part for package epstopdf
Package epstopdf-base Info: Redefining graphics rule for `.eps' on input line 4
85.

(/usr/local/texlive/2020/texmf-dist/tex/latex/latexconfig/epstopdf-sys.cfg
File: epstopdf-sys.cfg 2010/07/13 v1.3 Configuration of (r)epstopdf for TeX Liv
e
))
\c@lstlisting=\count193
LaTeX Font Info:    External font `cmex10' loaded for size
(Font)              <14.4> on input line 13.
LaTeX Font Info:    External font `cmex10' loaded for size
(Font)              <7> on input line 13.

Overfull \hbox (121.50082pt too wide) in paragraph at lines 19--22
\OT1/cmr/m/n/12 To in-stall the pack-age down-load it from \OT1/cmtt/m/n/12 htt
ps://github.com/amitko/matlab-delta-scoring.git\OT1/cmr/m/n/12 .
 []


Overfull \hbox (10.89088pt too wide) in paragraph at lines 26--27
[]\OT1/cmr/m/n/12 Suppose the raw di-choto-mous item re-sponse is placed in var
i-able \OT1/cmtt/m/n/12 itemScore\OT1/cmr/m/n/12 . 
 []

LaTeX Font Info:    Font shape `OT1/cmtt/bx/n' in size <12> not available
(Font)              Font shape `OT1/cmtt/m/n' tried instead on input line 31.
[1

{/usr/local/texlive/2020/texmf-var/fonts/map/pdftex/updmap/pdftex.map}]
LaTeX Font Info:    External font `cmex10' loaded for size
(Font)              <12> on input line 58.
LaTeX Font Info:    External font `cmex10' loaded for size
(Font)              <8> on input line 58.
LaTeX Font Info:    External font `cmex10' loaded for size
(Font)              <6> on input line 58.

[2]
Overfull \hbox (63.43074pt too wide) in paragraph at lines 93--94
[]\OT1/cmr/m/n/12 where \OT1/cmr/m/it/12 Re-sults.observedLogitDelta \OT1/cmr/m
/n/12 is cal-cu-lated with \OT1/cmr/m/it/12 deltaS-cor-ing.estimate.logitDeltaF
it
 []

[3] (./ref.tex [4] [5]
! Missing $ inserted.
<inserted text> 
                $
l.117   dif = pcr_
                  f - pcr_r;
I've inserted a begin-math/end-math symbol since I think
you left one out. Proceed, with fingers crossed.

! Missing $ inserted.
<inserted text> 
                $
l.118 \begin{verbatim}
                      
I've inserted a begin-math/end-math symbol since I think
you left one out. Proceed, with fingers crossed.

! Missing \endgroup inserted.
<inserted text> 
                \endgroup 
l.118 \begin{verbatim}
                      
I've inserted something that you may have forgotten.
(See the <inserted text> above.)
With luck, this will get me unwedged. But if you
really didn't forget anything, try typing `2' now; then
my insertion and my current dilemma will both disappear.


! LaTeX Error: \begin{document} ended by \end{verbatim}.

See the LaTeX manual or LaTeX Companion for explanation.
Type  H <return>  for immediate help.
 ...                                              
                                                  
l.119 \end{verbatim}
                    
Your command was ignored.
Type  I <command> <return>  to replace it with another command,
or  <return>  to continue without it.

! Extra \endgroup.
<recently read> \endgroup 
                          
l.119 \end{verbatim}
                    
Things are pretty mixed up, but I think the worst is over.


Overfull \hbox (11.3752pt too wide) in paragraph at lines 124--124
[]  \OT1/cmtt/m/n/12 Calcultes the item parameters for the focal and reference 
group[] 
 []

[6]
Overfull \hbox (73.12523pt too wide) in paragraph at lines 154--154
[]  \OT1/cmtt/m/n/12 Tests DIF having estimated item parameters for focal and r
eference group.[] 
 []


Overfull \hbox (153.40027pt too wide) in paragraph at lines 178--178
[]  \OT1/cmtt/m/n/12 Y        X Calculates the rescaling constants, based on co
mmon items between two test.[] 
 []

[7]
Overfull \hbox (17.5502pt too wide) in paragraph at lines 200--200
[]  \OT1/cmtt/m/n/12 Calculates equated latent D-Score based on the latent para
meters[] 
 []


Overfull \hbox (85.47523pt too wide) in paragraph at lines 223--223
[]  \OT1/cmtt/m/n/12 Rescale the item deltas of a test according to rescaling c
onstants A and B.[] 
 []

[8]
Overfull \hbox (171.92528pt too wide) in paragraph at lines 230--230
[]  \OT1/cmtt/m/n/12 Calculates the rescaled latent item parameters of test X o
n the scale of the base test Y.[] 
 []


Overfull \hbox (239.85031pt too wide) in paragraph at lines 256--256
[]  \OT1/cmtt/m/n/12 estimates the parameters of the item characreristic curves
 under the IRT model usen the EM algorith.[] 
 []

[9]
Overfull \hbox (295.42534pt too wide) in paragraph at lines 276--276
[]  \OT1/cmtt/m/n/12 Calculates person likelihood on a specific test with a spe
cific item response For internal use in estimations[] 
 []


Overfull \hbox (73.12523pt too wide) in paragraph at lines 290--290
[]  \OT1/cmtt/m/n/12 Plots the fit and the estimated logistics curve Returns th
e figure object[] 
 []

[10]
Overfull \hbox (141.05026pt too wide) in paragraph at lines 302--302
[]  \OT1/cmtt/m/n/12 Estimates the latent parameters of the items base on  RFM 
model, using JML approach.[] 
 []


Overfull \hbox (196.62529pt too wide) in paragraph at lines 317--317
[]  \OT1/cmtt/m/n/12 Estimates the latent parameters for person abilities, base
d on RFM model, using JML approach.[] 
 []

[11]
Overfull \hbox (171.92528pt too wide) in paragraph at lines 347--347
[]  \OT1/cmtt/m/n/12 Generates an item response Persons over a set of items, de
fined by their item Parameters.[] 
 []

[12]
Overfull \hbox (573.30048pt too wide) in paragraph at lines 389--389
[]  \OT1/cmtt/m/n/12 Calculates the Mean Absolute Difference between opserved p
robability for correct response and predicted probability obtained under the se
lected RFM model.[] 
 []

[13]
Overfull \hbox (851.17561pt too wide) in paragraph at lines 424--424
[]  \OT1/cmtt/m/n/12 Find aberrant person behaviour according to the "quantile 
method" according to An Examination of Different Methods of Setting Cutoff Valu
es in Person Fit Research Amin Mousavi, Ying Cui & Todd Rogers[] 
 []


Overfull \hbox (23.7252pt too wide) in paragraph at lines 449--449
[] \OT1/cmtt/m/n/12 D. Dimitrov, R. Smith. Adjusted Rasch Person-Fit Statistics
. J. of[] 
 []

[14]
Overfull \hbox (567.12547pt too wide) in paragraph at lines 484--484
[]  \OT1/cmtt/m/n/12 Calculates the likelihood for a specific response pattern 
in item_response from a person with ability in dScores, over a set of items in 
item_parameters.[] 
 []

[15]
Overfull \hbox (530.07545pt too wide) in paragraph at lines 510--510
[]  \OT1/cmtt/m/n/12 Calculates the probability for correct response from a per
son with ability delta over the set of items with parameters, defined in item_p
arameters.[] 
 []


Overfull \hbox (5.2002pt too wide) in paragraph at lines 528--528
[]  \OT1/cmtt/m/n/12 Plots Cathegory Characteristic Curves for the Polytomous i
tems[] 
 []

[16]
Overfull \hbox (29.9002pt too wide) in paragraph at lines 531--531
[]   \OT1/cmtt/m/n/12 itemParameters - row vector of values of the difficulty p
arameter[] 
 []


Overfull \hbox (29.9002pt too wide) in paragraph at lines 544--544
[]   \OT1/cmtt/m/n/12 itemParameters - row vector of values of the difficulty p
arameter[] 
 []


Overfull \hbox (73.12523pt too wide) in paragraph at lines 556--556
[]  \OT1/cmtt/m/n/12 Plots the fit and the estimated logistics curve Returns th
e figure object[] 
 []

[17]
Overfull \hbox (474.50043pt too wide) in paragraph at lines 595--595
[]\OT1/cmtt/m/n/12 the so called d-Score SE for a person with a given a given a
bility theta (on a logit scale) over a set of items with IRT parameters [b,a,c]
;[] 
 []

[18]
Overfull \hbox (134.87526pt too wide) in paragraph at lines 610--610
[]  \OT1/cmtt/m/n/12 Calculates the proportions of the correct scores for diffe
rent falues of the dScale[] 
 []

LaTeX Font Info:    Trying to load font information for TS1+cmtt on input line 
629.
(/usr/local/texlive/2020/texmf-dist/tex/latex/base/ts1cmtt.fd
File: ts1cmtt.fd 2019/12/16 v2.5j Standard LaTeX font definitions
) [19]
Overfull \hbox (159.57527pt too wide) in paragraph at lines 648--648
[]  \OT1/cmtt/m/n/12 Probability for correct response based on estimated parame
ters of the logistic function[] 
 []


Overfull \hbox (60.77522pt too wide) in paragraph at lines 674--674
[]  \OT1/cmtt/m/n/12 Scales the score according to type t t = 'range' scales in
 range 0..100[] 
 []

[20]
Overfull \hbox (610.3505pt too wide) in paragraph at lines 681--681
[]  \OT1/cmtt/m/n/12 Calculates the true-score measure for person's dScode on a
 set of items with delta scores in itemDeltas, logistic parameters of the items
 and the persons dScore[] 
 []


Overfull \hbox (628.8755pt too wide) in paragraph at lines 693--693
[]  \OT1/cmtt/m/n/12 Calculates the true-score SE measure for person's dScode o
n a set of items with delta scores in itemDeltas, logistic parameters of the it
ems and the persons dScore[] 
 []

[21] [22] [23] [24] [25] [26] [27] [28] [29] [30] [31] [32] [33] [34] [35]
[36] [37] [38] [39] [40] [41] [42] [43] [44] [45] [46] [47] [48] [49] [50]
[51] [52] [53] [54] [55] [56] [57] [58] [59] [60] [61] [62] [63] [64] [65]
[66] [67] [68] [69] [70] [71] [72] [73] [74] [75] [76] [77] [78] [79] [80]
[81] [82] [83] [84] [85] [86] [87] [88] [89] [90]))
! Emergency stop.
<*> description.tex
                   
*** (job aborted, no legal \end found)

 
Here is how much of TeX's memory you used:
 3558 strings out of 480608
 49568 string characters out of 5903630
 337700 words of memory out of 5000000
 19454 multiletter control sequences out of 15000+600000
 538180 words of font info for 44 fonts, out of 8000000 for 9000
 1141 hyphenation exceptions out of 8191
 35i,6n,56p,596b,1732s stack positions out of 5000i,500n,10000p,200000b,80000s
!  ==> Fatal error occurred, no output PDF file produced!
